<?xml version="1.0" encoding="UTF-8"?>
<!-- Generated by org.testng.reporters.JUnitReportReporter -->
<testsuite hostname="LAPTOP-UUP3RVDD" failures="0" tests="2" name="Module1_Login_Test.SwagLabTest" time="1.736" errors="0" timestamp="2023-02-02T12:53:30 IST" skipped="0">
  <testcase classname="Module1_Login_Test.SwagLabTest" name="VerifyLogo" time="0.662"/>
  <system-out/>
  <testcase classname="Module1_Login_Test.SwagLabTest" name="VerifyAddToCartAndRemoveFunc" time="1.074"/>
  <system-out/>
</testsuite> <!-- Module1_Login_Test.SwagLabTest -->
